[ +265 ms] Unable to locate an Android SDK.
[  +81 ms] executing: uname -m
[  +57 ms] Exit code 0 from: uname -m
[   +2 ms] aarch64
[ +242 ms] Artifact Instance of 'AndroidGenSnapshotArtifacts' is not required, skipping update.
[   +1 ms] Artifact Instance of 'AndroidInternalBuildArtifacts' is not required, skipping update.
[   +1 ms] Artifact Instance of 'IOSEngineArtifacts' is not required, skipping update.
[   +1 ms] Artifact Instance of 'FlutterWebSdk' is not required, skipping update.
[   +1 ms] Artifact Instance of 'LegacyCanvasKitRemover' is not required, skipping update.
[  +44 ms] Artifact Instance of 'WindowsEngineArtifacts' is not required, skipping update.
[   +1 ms] Artifact Instance of 'MacOSEngineArtifacts' is not required, skipping update.
[   +1 ms] Artifact Instance of 'LinuxEngineArtifacts' is not required, skipping update.
[   +1 ms] Artifact Instance of 'LinuxFuchsiaSDKArtifacts' is not required, skipping update.
[   +1 ms] Artifact Instance of 'MacOSFuchsiaSDKArtifacts' is not required, skipping update.
[   +1 ms] Artifact Instance of 'FlutterRunnerSDKArtifacts' is not required, skipping update.
[   +1 ms] Artifact Instance of 'FlutterRunnerDebugSymbols' is not required, skipping update.
[+1019 ms] Artifact Instance of 'MaterialFonts' is not required, skipping update.
[   +2 ms] Artifact Instance of 'GradleWrapper' is not required, skipping update.
[   +1 ms] Artifact Instance of 'AndroidGenSnapshotArtifacts' is not required, skipping update.
[   +1 ms] Artifact Instance of 'AndroidInternalBuildArtifacts' is not required, skipping update.
[   +1 ms] Artifact Instance of 'IOSEngineArtifacts' is not required, skipping update.
[  +33 ms] Artifact Instance of 'FlutterSdk' is not required, skipping update.
[   +1 ms] Artifact Instance of 'WindowsEngineArtifacts' is not required, skipping update.
[   +1 ms] Artifact Instance of 'MacOSEngineArtifacts' is not required, skipping update.
[   +1 ms] Artifact Instance of 'LinuxEngineArtifacts' is not required, skipping update.
[   +1 ms] Artifact Instance of 'LinuxFuchsiaSDKArtifacts' is not required, skipping update.
[   +1 ms] Artifact Instance of 'MacOSFuchsiaSDKArtifacts' is not required, skipping update.
[   +1 ms] Artifact Instance of 'FlutterRunnerSDKArtifacts' is not required, skipping update.
[   +1 ms] Artifact Instance of 'FlutterRunnerDebugSymbols' is not required, skipping update.
[   +1 ms] Artifact Instance of 'IosUsbArtifacts' is not required, skipping update.
[   +1 ms] Artifact Instance of 'IosUsbArtifacts' is not required, skipping update.
[   +1 ms] Artifact Instance of 'IosUsbArtifacts' is not required, skipping update.
[   +1 ms] Artifact Instance of 'IosUsbArtifacts' is not required, skipping update.
[   +1 ms] Artifact Instance of 'IosUsbArtifacts' is not required, skipping update.
[   +1 ms] Artifact Instance of 'FontSubsetArtifacts' is not required, skipping update.
[   +1 ms] Artifact Instance of 'PubDependencies' is not required, skipping update.
[ +517 ms] Skipping pub get: version match.
[ +137 ms] executing: [/home/userland/metreyar_flutter_web/] /home/userland/flutter/bin/cache/dart-sdk/bin/dart pub --suppress-analytics deps --json
[+2687 ms] {
             "root": "metreyar_flutter_web",
             "packages": [
               {
                 "name": "metreyar_flutter_web",
                 "version": "1.0.0+1",
                 "kind": "root",
                 "source": "root",
                 "dependencies": [
                   "flutter",
                   "cupertino_icons",
                   "flutter_test",
                   "flutter_lints"
                 ],
                 "directDependencies": [
                   "flutter",
                   "cupertino_icons"
                 ],
                 "devDependencies": [
                   "flutter_test",
                   "flutter_lints"
                 ]
               },
               {
                 "name": "flutter_lints",
                 "version": "3.0.2",
                 "kind": "dev",
                 "source": "hosted",
                 "dependencies": [
                   "lints"
                 ],
                 "directDependencies": [
                   "lints"
                 ]
               },
               {
                 "name": "lints",
                 "version": "3.0.0",
                 "kind": "transitive",
                 "source": "hosted",
                 "dependencies": [],
                 "directDependencies": []
               },
               {
                 "name": "flutter_test",
                 "version": "0.0.0",
                 "kind": "dev",
                 "source": "sdk",
                 "dependencies": [
                   "flutter",
                   "test_api",
                   "matcher",
                   "path",
                   "fake_async",
                   "clock",
                   "stack_trace",
                   "vector_math",
                   "leak_tracker_flutter_testing",
                   "async",
                   "boolean_selector",
                   "characters",
                   "collection",
                   "leak_tracker",
                   "leak_tracker_testing",
                   "material_color_utilities",
                   "meta",
                   "source_span",
                   "stream_channel",
                   "string_scanner",
                   "term_glyph",
                   "vm_service"
                 ],
                 "directDependencies": [
                   "flutter",
                   "test_api",
                   "matcher",
                   "path",
                   "fake_async",
                   "clock",
                   "stack_trace",
                   "vector_math",
                   "leak_tracker_flutter_testing",
                   "async",
                   "boolean_selector",
                   "characters",
                   "collection",
                   "leak_tracker",
                   "leak_tracker_testing",
                   "material_color_utilities",
                   "meta",
                   "source_span",
                   "stream_channel",
                   "string_scanner",
                   "term_glyph",
                   "vm_service"
                 ]
               },
               {
                 "name": "vm_service",
                 "version": "15.0.0",
                 "kind": "transitive",
                 "source": "hosted",
                 "dependencies": [],
                 "directDependencies": []
               },
               {
                 "name": "term_glyph",
                 "version": "1.2.2",
                 "kind": "transitive",
                 "source": "hosted",
                 "dependencies": [],
                 "directDependencies": []
               },
               {
                 "name": "string_scanner",
                 "version": "1.4.1",
                 "kind": "transitive",
                 "source": "hosted",
                 "dependencies": [
                   "source_span"
                 ],
                 "directDependencies": [
                   "source_span"
                 ]
               },
               {
                 "name": "source_span",
                 "version": "1.10.1",
                 "kind": "transitive",
                 "source": "hosted",
                 "dependencies": [
                   "collection",
                   "path",
                   "term_glyph"
                 ],
                 "directDependencies": [
                   "collection",
                   "path",
                   "term_glyph"
                 ]
               },
               {
                 "name": "path",
                 "version": "1.9.1",
                 "kind": "transitive",
                 "source": "hosted",
                 "dependencies": [],
                 "directDependencies": []
               },
               {
                 "name": "collection",
                 "version": "1.19.1",
                 "kind": "transitive",
                 "source": "hosted",
                 "dependencies": [],
                 "directDependencies": []
               },
               {
                 "name": "stream_channel",
                 "version": "2.1.4",
                 "kind": "transitive",
                 "source": "hosted",
                 "dependencies": [
                   "async"
                 ],
                 "directDependencies": [
                   "async"
                 ]
               },
               {
                 "name": "async",
                 "version": "2.13.0",
                 "kind": "transitive",
                 "source": "hosted",
                 "dependencies": [
                   "collection",
                   "meta"
                 ],
                 "directDependencies": [
                   "collection",
                   "meta"
                 ]
               },
               {
                 "name": "meta",
                 "version": "1.16.0",
                 "kind": "transitive",
                 "source": "hosted",
                 "dependencies": [],
                 "directDependencies": []
               },
               {
                 "name": "material_color_utilities",
                 "version": "0.11.1",
                 "kind": "transitive",
                 "source": "hosted",
                 "dependencies": [
                   "collection"
                 ],
                 "directDependencies": [
                   "collection"
                 ]
               },
               {
                 "name": "leak_tracker_testing",
                 "version": "3.0.1",
                 "kind": "transitive",
                 "source": "hosted",
                 "dependencies": [
                   "leak_tracker",
                   "matcher",
                   "meta"
                 ],
                 "directDependencies": [
                   "leak_tracker",
                   "matcher",
                   "meta"
                 ]
               },
               {
                 "name": "matcher",
                 "version": "0.12.17",
                 "kind": "transitive",
                 "source": "hosted",
                 "dependencies": [
                   "async",
                   "meta",
                   "stack_trace",
                   "term_glyph",
                   "test_api"
                 ],
                 "directDependencies": [
                   "async",
                   "meta",
                   "stack_trace",
                   "term_glyph",
                   "test_api"
                 ]
               },
               {
                 "name": "test_api",
                 "version": "0.7.4",
                 "kind": "transitive",
                 "source": "hosted",
                 "dependencies": [
                   "async",
                   "boolean_selector",
                   "collection",
                   "meta",
                   "source_span",
                   "stack_trace",
                   "stream_channel",
                   "string_scanner",
                   "term_glyph"
                 ],
                 "directDependencies": [
                   "async",
                   "boolean_selector",
                   "collection",
                   "meta",
                   "source_span",
                   "stack_trace",
                   "stream_channel",
                   "string_scanner",
                   "term_glyph"
                 ]
               },
               {
                 "name": "stack_trace",
                 "version": "1.12.1",
                 "kind": "transitive",
                 "source": "hosted",
                 "dependencies": [
                   "path"
                 ],
                 "directDependencies": [
                   "path"
                 ]
               },
               {
                 "name": "boolean_selector",
                 "version": "2.1.2",
                 "kind": "transitive",
                 "source": "hosted",
                 "dependencies": [
                   "source_span",
                   "string_scanner"
                 ],
                 "directDependencies": [
                   "source_span",
                   "string_scanner"
                 ]
               },
               {
                 "name": "leak_tracker",
                 "version": "10.0.9",
                 "kind": "transitive",
                 "source": "hosted",
                 "dependencies": [
                   "clock",
                   "collection",
                   "meta",
                   "path",
                   "vm_service"
                 ],
                 "directDependencies": [
                   "clock",
                   "collection",
                   "meta",
                   "path",
                   "vm_service"
                 ]
               },
               {
                 "name": "clock",
                 "version": "1.1.2",
                 "kind": "transitive",
                 "source": "hosted",
                 "dependencies": [],
                 "directDependencies": []
               },
               {
                 "name": "characters",
                 "version": "1.4.0",
                 "kind": "transitive",
                 "source": "hosted",
                 "dependencies": [],
                 "directDependencies": []
               },
               {
                 "name": "leak_tracker_flutter_testing",
                 "version": "3.0.9",
                 "kind": "transitive",
                 "source": "hosted",
                 "dependencies": [
                   "flutter",
                   "leak_tracker",
                   "leak_tracker_testing",
                   "matcher",
                   "meta"
                 ],
                 "directDependencies": [
                   "flutter",
                   "leak_tracker",
                   "leak_tracker_testing",
                   "matcher",
                   "meta"
                 ]
               },
               {
                 "name": "flutter",
                 "version": "0.0.0",
                 "kind": "direct",
                 "source": "sdk",
                 "dependencies": [
                   "characters",
                   "collection",
                   "material_color_utilities",
                   "meta",
                   "vector_math",
                   "sky_engine"
                 ],
                 "directDependencies": [
                   "characters",
                   "collection",
                   "material_color_utilities",
                   "meta",
                   "vector_math",
                   "sky_engine"
                 ]
               },
               {
                 "name": "sky_engine",
                 "version": "0.0.0",
                 "kind": "transitive",
                 "source": "sdk",
                 "dependencies": [],
                 "directDependencies": []
               },
               {
                 "name": "vector_math",
                 "version": "2.1.4",
                 "kind": "transitive",
                 "source": "hosted",
                 "dependencies": [],
                 "directDependencies": []
               },
               {
                 "name": "fake_async",
                 "version": "1.3.3",
                 "kind": "transitive",
                 "source": "hosted",
                 "dependencies": [
                   "clock",
                   "collection"
                 ],
                 "directDependencies": [
                   "clock",
                   "collection"
                 ]
               },
               {
                 "name": "cupertino_icons",
                 "version": "1.0.8",
                 "kind": "direct",
                 "source": "hosted",
                 "dependencies": [],
                 "directDependencies": []
               }
             ],
             "sdks": [
               {
                 "name": "Dart",
                 "version": "3.8.1"
               },
               {
                 "name": "Flutter",
                 "version": "3.32.1"
               }
             ],
             "executables": []
           }
[ +792 ms] executing: [/home/userland/metreyar_flutter_web/] /home/userland/flutter/bin/cache/dart-sdk/bin/dart pub --suppress-analytics deps --json
[+2358 ms] {
             "root": "metreyar_flutter_web",
             "packages": [
               {
                 "name": "metreyar_flutter_web",
                 "version": "1.0.0+1",
                 "kind": "root",
                 "source": "root",
                 "dependencies": [
                   "flutter",
                   "cupertino_icons",
                   "flutter_test",
                   "flutter_lints"
                 ],
                 "directDependencies": [
                   "flutter",
                   "cupertino_icons"
                 ],
                 "devDependencies": [
                   "flutter_test",
                   "flutter_lints"
                 ]
               },
               {
                 "name": "flutter_lints",
                 "version": "3.0.2",
                 "kind": "dev",
                 "source": "hosted",
                 "dependencies": [
                   "lints"
                 ],
                 "directDependencies": [
                   "lints"
                 ]
               },
               {
                 "name": "lints",
                 "version": "3.0.0",
                 "kind": "transitive",
                 "source": "hosted",
                 "dependencies": [],
                 "directDependencies": []
               },
               {
                 "name": "flutter_test",
                 "version": "0.0.0",
                 "kind": "dev",
                 "source": "sdk",
                 "dependencies": [
                   "flutter",
                   "test_api",
                   "matcher",
                   "path",
                   "fake_async",
                   "clock",
                   "stack_trace",
                   "vector_math",
                   "leak_tracker_flutter_testing",
                   "async",
                   "boolean_selector",
                   "characters",
                   "collection",
                   "leak_tracker",
                   "leak_tracker_testing",
                   "material_color_utilities",
                   "meta",
                   "source_span",
                   "stream_channel",
                   "string_scanner",
                   "term_glyph",
                   "vm_service"
                 ],
                 "directDependencies": [
                   "flutter",
                   "test_api",
                   "matcher",
                   "path",
                   "fake_async",
                   "clock",
                   "stack_trace",
                   "vector_math",
                   "leak_tracker_flutter_testing",
                   "async",
                   "boolean_selector",
                   "characters",
                   "collection",
                   "leak_tracker",
                   "leak_tracker_testing",
                   "material_color_utilities",
                   "meta",
                   "source_span",
                   "stream_channel",
                   "string_scanner",
                   "term_glyph",
                   "vm_service"
                 ]
               },
               {
                 "name": "vm_service",
                 "version": "15.0.0",
                 "kind": "transitive",
                 "source": "hosted",
                 "dependencies": [],
                 "directDependencies": []
               },
               {
                 "name": "term_glyph",
                 "version": "1.2.2",
                 "kind": "transitive",
                 "source": "hosted",
                 "dependencies": [],
                 "directDependencies": []
               },
               {
                 "name": "string_scanner",
                 "version": "1.4.1",
                 "kind": "transitive",
                 "source": "hosted",
                 "dependencies": [
                   "source_span"
                 ],
                 "directDependencies": [
                   "source_span"
                 ]
               },
               {
                 "name": "source_span",
                 "version": "1.10.1",
                 "kind": "transitive",
                 "source": "hosted",
                 "dependencies": [
                   "collection",
                   "path",
                   "term_glyph"
                 ],
                 "directDependencies": [
                   "collection",
                   "path",
                   "term_glyph"
                 ]
               },
               {
                 "name": "path",
                 "version": "1.9.1",
                 "kind": "transitive",
                 "source": "hosted",
                 "dependencies": [],
                 "directDependencies": []
               },
               {
                 "name": "collection",
                 "version": "1.19.1",
                 "kind": "transitive",
                 "source": "hosted",
                 "dependencies": [],
                 "directDependencies": []
               },
               {
                 "name": "stream_channel",
                 "version": "2.1.4",
                 "kind": "transitive",
                 "source": "hosted",
                 "dependencies": [
                   "async"
                 ],
                 "directDependencies": [
                   "async"
                 ]
               },
               {
                 "name": "async",
                 "version": "2.13.0",
                 "kind": "transitive",
                 "source": "hosted",
                 "dependencies": [
                   "collection",
                   "meta"
                 ],
                 "directDependencies": [
                   "collection",
                   "meta"
                 ]
               },
               {
                 "name": "meta",
                 "version": "1.16.0",
                 "kind": "transitive",
                 "source": "hosted",
                 "dependencies": [],
                 "directDependencies": []
               },
               {
                 "name": "material_color_utilities",
                 "version": "0.11.1",
                 "kind": "transitive",
                 "source": "hosted",
                 "dependencies": [
                   "collection"
                 ],
                 "directDependencies": [
                   "collection"
                 ]
               },
               {
                 "name": "leak_tracker_testing",
                 "version": "3.0.1",
                 "kind": "transitive",
                 "source": "hosted",
                 "dependencies": [
                   "leak_tracker",
                   "matcher",
                   "meta"
                 ],
                 "directDependencies": [
                   "leak_tracker",
                   "matcher",
                   "meta"
                 ]
               },
               {
                 "name": "matcher",
                 "version": "0.12.17",
                 "kind": "transitive",
                 "source": "hosted",
                 "dependencies": [
                   "async",
                   "meta",
                   "stack_trace",
                   "term_glyph",
                   "test_api"
                 ],
                 "directDependencies": [
                   "async",
                   "meta",
                   "stack_trace",
                   "term_glyph",
                   "test_api"
                 ]
               },
               {
                 "name": "test_api",
                 "version": "0.7.4",
                 "kind": "transitive",
                 "source": "hosted",
                 "dependencies": [
                   "async",
                   "boolean_selector",
                   "collection",
                   "meta",
                   "source_span",
                   "stack_trace",
                   "stream_channel",
                   "string_scanner",
                   "term_glyph"
                 ],
                 "directDependencies": [
                   "async",
                   "boolean_selector",
                   "collection",
                   "meta",
                   "source_span",
                   "stack_trace",
                   "stream_channel",
                   "string_scanner",
                   "term_glyph"
                 ]
               },
               {
                 "name": "stack_trace",
                 "version": "1.12.1",
                 "kind": "transitive",
                 "source": "hosted",
                 "dependencies": [
                   "path"
                 ],
                 "directDependencies": [
                   "path"
                 ]
               },
               {
                 "name": "boolean_selector",
                 "version": "2.1.2",
                 "kind": "transitive",
                 "source": "hosted",
                 "dependencies": [
                   "source_span",
                   "string_scanner"
                 ],
                 "directDependencies": [
                   "source_span",
                   "string_scanner"
                 ]
               },
               {
                 "name": "leak_tracker",
                 "version": "10.0.9",
                 "kind": "transitive",
                 "source": "hosted",
                 "dependencies": [
                   "clock",
                   "collection",
                   "meta",
                   "path",
                   "vm_service"
                 ],
                 "directDependencies": [
                   "clock",
                   "collection",
                   "meta",
                   "path",
                   "vm_service"
                 ]
               },
               {
                 "name": "clock",
                 "version": "1.1.2",
                 "kind": "transitive",
                 "source": "hosted",
                 "dependencies": [],
                 "directDependencies": []
               },
               {
                 "name": "characters",
                 "version": "1.4.0",
                 "kind": "transitive",
                 "source": "hosted",
                 "dependencies": [],
                 "directDependencies": []
               },
               {
                 "name": "leak_tracker_flutter_testing",
                 "version": "3.0.9",
                 "kind": "transitive",
                 "source": "hosted",
                 "dependencies": [
                   "flutter",
                   "leak_tracker",
                   "leak_tracker_testing",
                   "matcher",
                   "meta"
                 ],
                 "directDependencies": [
                   "flutter",
                   "leak_tracker",
                   "leak_tracker_testing",
                   "matcher",
                   "meta"
                 ]
               },
               {
                 "name": "flutter",
                 "version": "0.0.0",
                 "kind": "direct",
                 "source": "sdk",
                 "dependencies": [
                   "characters",
                   "collection",
                   "material_color_utilities",
                   "meta",
                   "vector_math",
                   "sky_engine"
                 ],
                 "directDependencies": [
                   "characters",
                   "collection",
                   "material_color_utilities",
                   "meta",
                   "vector_math",
                   "sky_engine"
                 ]
               },
               {
                 "name": "sky_engine",
                 "version": "0.0.0",
                 "kind": "transitive",
                 "source": "sdk",
                 "dependencies": [],
                 "directDependencies": []
               },
               {
                 "name": "vector_math",
                 "version": "2.1.4",
                 "kind": "transitive",
                 "source": "hosted",
                 "dependencies": [],
                 "directDependencies": []
               },
               {
                 "name": "fake_async",
                 "version": "1.3.3",
                 "kind": "transitive",
                 "source": "hosted",
                 "dependencies": [
                   "clock",
                   "collection"
                 ],
                 "directDependencies": [
                   "clock",
                   "collection"
                 ]
               },
               {
                 "name": "cupertino_icons",
                 "version": "1.0.8",
                 "kind": "direct",
                 "source": "hosted",
                 "dependencies": [],
                 "directDependencies": []
               }
             ],
             "sdks": [
               {
                 "name": "Dart",
                 "version": "3.8.1"
               },
               {
                 "name": "Flutter",
                 "version": "3.32.1"
               }
             ],
             "executables": []
           }
[ +660 ms] executing: [/home/userland/metreyar_flutter_web/] /home/userland/flutter/bin/cache/dart-sdk/bin/dart pub --suppress-analytics deps --json
[+2259 ms] {
             "root": "metreyar_flutter_web",
             "packages": [
               {
                 "name": "metreyar_flutter_web",
                 "version": "1.0.0+1",
                 "kind": "root",
                 "source": "root",
                 "dependencies": [
                   "flutter",
                   "cupertino_icons",
                   "flutter_test",
                   "flutter_lints"
                 ],
                 "directDependencies": [
                   "flutter",
                   "cupertino_icons"
                 ],
                 "devDependencies": [
                   "flutter_test",
                   "flutter_lints"
                 ]
               },
               {
                 "name": "flutter_lints",
                 "version": "3.0.2",
                 "kind": "dev",
                 "source": "hosted",
                 "dependencies": [
                   "lints"
                 ],
                 "directDependencies": [
                   "lints"
                 ]
               },
               {
                 "name": "lints",
                 "version": "3.0.0",
                 "kind": "transitive",
                 "source": "hosted",
                 "dependencies": [],
                 "directDependencies": []
               },
               {
                 "name": "flutter_test",
                 "version": "0.0.0",
                 "kind": "dev",
                 "source": "sdk",
                 "dependencies": [
                   "flutter",
                   "test_api",
                   "matcher",
                   "path",
                   "fake_async",
                   "clock",
                   "stack_trace",
                   "vector_math",
                   "leak_tracker_flutter_testing",
                   "async",
                   "boolean_selector",
                   "characters",
                   "collection",
                   "leak_tracker",
                   "leak_tracker_testing",
                   "material_color_utilities",
                   "meta",
                   "source_span",
                   "stream_channel",
                   "string_scanner",
                   "term_glyph",
                   "vm_service"
                 ],
                 "directDependencies": [
                   "flutter",
                   "test_api",
                   "matcher",
                   "path",
                   "fake_async",
                   "clock",
                   "stack_trace",
                   "vector_math",
                   "leak_tracker_flutter_testing",
                   "async",
                   "boolean_selector",
                   "characters",
                   "collection",
                   "leak_tracker",
                   "leak_tracker_testing",
                   "material_color_utilities",
                   "meta",
                   "source_span",
                   "stream_channel",
                   "string_scanner",
                   "term_glyph",
                   "vm_service"
                 ]
               },
               {
                 "name": "vm_service",
                 "version": "15.0.0",
                 "kind": "transitive",
                 "source": "hosted",
                 "dependencies": [],
                 "directDependencies": []
               },
               {
                 "name": "term_glyph",
                 "version": "1.2.2",
                 "kind": "transitive",
                 "source": "hosted",
                 "dependencies": [],
                 "directDependencies": []
               },
               {
                 "name": "string_scanner",
                 "version": "1.4.1",
                 "kind": "transitive",
                 "source": "hosted",
                 "dependencies": [
                   "source_span"
                 ],
                 "directDependencies": [
                   "source_span"
                 ]
               },
               {
                 "name": "source_span",
                 "version": "1.10.1",
                 "kind": "transitive",
                 "source": "hosted",
                 "dependencies": [
                   "collection",
                   "path",
                   "term_glyph"
                 ],
                 "directDependencies": [
                   "collection",
                   "path",
                   "term_glyph"
                 ]
               },
               {
                 "name": "path",
                 "version": "1.9.1",
                 "kind": "transitive",
                 "source": "hosted",
                 "dependencies": [],
                 "directDependencies": []
               },
               {
                 "name": "collection",
                 "version": "1.19.1",
                 "kind": "transitive",
                 "source": "hosted",
                 "dependencies": [],
                 "directDependencies": []
               },
               {
                 "name": "stream_channel",
                 "version": "2.1.4",
                 "kind": "transitive",
                 "source": "hosted",
                 "dependencies": [
                   "async"
                 ],
                 "directDependencies": [
                   "async"
                 ]
               },
               {
                 "name": "async",
                 "version": "2.13.0",
                 "kind": "transitive",
                 "source": "hosted",
                 "dependencies": [
                   "collection",
                   "meta"
                 ],
                 "directDependencies": [
                   "collection",
                   "meta"
                 ]
               },
               {
                 "name": "meta",
                 "version": "1.16.0",
                 "kind": "transitive",
                 "source": "hosted",
                 "dependencies": [],
                 "directDependencies": []
               },
               {
                 "name": "material_color_utilities",
                 "version": "0.11.1",
                 "kind": "transitive",
                 "source": "hosted",
                 "dependencies": [
                   "collection"
                 ],
                 "directDependencies": [
                   "collection"
                 ]
               },
               {
                 "name": "leak_tracker_testing",
                 "version": "3.0.1",
                 "kind": "transitive",
                 "source": "hosted",
                 "dependencies": [
                   "leak_tracker",
                   "matcher",
                   "meta"
                 ],
                 "directDependencies": [
                   "leak_tracker",
                   "matcher",
                   "meta"
                 ]
               },
               {
                 "name": "matcher",
                 "version": "0.12.17",
                 "kind": "transitive",
                 "source": "hosted",
                 "dependencies": [
                   "async",
                   "meta",
                   "stack_trace",
                   "term_glyph",
                   "test_api"
                 ],
                 "directDependencies": [
                   "async",
                   "meta",
                   "stack_trace",
                   "term_glyph",
                   "test_api"
                 ]
               },
               {
                 "name": "test_api",
                 "version": "0.7.4",
                 "kind": "transitive",
                 "source": "hosted",
                 "dependencies": [
                   "async",
                   "boolean_selector",
                   "collection",
                   "meta",
                   "source_span",
                   "stack_trace",
                   "stream_channel",
                   "string_scanner",
                   "term_glyph"
                 ],
                 "directDependencies": [
                   "async",
                   "boolean_selector",
                   "collection",
                   "meta",
                   "source_span",
                   "stack_trace",
                   "stream_channel",
                   "string_scanner",
                   "term_glyph"
                 ]
               },
               {
                 "name": "stack_trace",
                 "version": "1.12.1",
                 "kind": "transitive",
                 "source": "hosted",
                 "dependencies": [
                   "path"
                 ],
                 "directDependencies": [
                   "path"
                 ]
               },
               {
                 "name": "boolean_selector",
                 "version": "2.1.2",
                 "kind": "transitive",
                 "source": "hosted",
                 "dependencies": [
                   "source_span",
                   "string_scanner"
                 ],
                 "directDependencies": [
                   "source_span",
                   "string_scanner"
                 ]
               },
               {
                 "name": "leak_tracker",
                 "version": "10.0.9",
                 "kind": "transitive",
                 "source": "hosted",
                 "dependencies": [
                   "clock",
                   "collection",
                   "meta",
                   "path",
                   "vm_service"
                 ],
                 "directDependencies": [
                   "clock",
                   "collection",
                   "meta",
                   "path",
                   "vm_service"
                 ]
               },
               {
                 "name": "clock",
                 "version": "1.1.2",
                 "kind": "transitive",
                 "source": "hosted",
                 "dependencies": [],
                 "directDependencies": []
               },
               {
                 "name": "characters",
                 "version": "1.4.0",
                 "kind": "transitive",
                 "source": "hosted",
                 "dependencies": [],
                 "directDependencies": []
               },
               {
                 "name": "leak_tracker_flutter_testing",
                 "version": "3.0.9",
                 "kind": "transitive",
                 "source": "hosted",
                 "dependencies": [
                   "flutter",
                   "leak_tracker",
                   "leak_tracker_testing",
                   "matcher",
                   "meta"
                 ],
                 "directDependencies": [
                   "flutter",
                   "leak_tracker",
                   "leak_tracker_testing",
                   "matcher",
                   "meta"
                 ]
               },
               {
                 "name": "flutter",
                 "version": "0.0.0",
                 "kind": "direct",
                 "source": "sdk",
                 "dependencies": [
                   "characters",
                   "collection",
                   "material_color_utilities",
                   "meta",
                   "vector_math",
                   "sky_engine"
                 ],
                 "directDependencies": [
                   "characters",
                   "collection",
                   "material_color_utilities",
                   "meta",
                   "vector_math",
                   "sky_engine"
                 ]
               },
               {
                 "name": "sky_engine",
                 "version": "0.0.0",
                 "kind": "transitive",
                 "source": "sdk",
                 "dependencies": [],
                 "directDependencies": []
               },
               {
                 "name": "vector_math",
                 "version": "2.1.4",
                 "kind": "transitive",
                 "source": "hosted",
                 "dependencies": [],
                 "directDependencies": []
               },
               {
                 "name": "fake_async",
                 "version": "1.3.3",
                 "kind": "transitive",
                 "source": "hosted",
                 "dependencies": [
                   "clock",
                   "collection"
                 ],
                 "directDependencies": [
                   "clock",
                   "collection"
                 ]
               },
               {
                 "name": "cupertino_icons",
                 "version": "1.0.8",
                 "kind": "direct",
                 "source": "hosted",
                 "dependencies": [],
                 "directDependencies": []
               }
             ],
             "sdks": [
               {
                 "name": "Dart",
                 "version": "3.8.1"
               },
               {
                 "name": "Flutter",
                 "version": "3.32.1"
               }
             ],
             "executables": []
           }
[ +491 ms] Generating /home/userland/metreyar_flutter_web/android/app/src/main/java/io/flutter/plugins/GeneratedPluginRegistrant.java
[ +509 ms] executing: [/home/userland/metreyar_flutter_web/] /home/userland/flutter/bin/cache/dart-sdk/bin/dart pub --suppress-analytics deps --json
[+2324 ms] {
             "root": "metreyar_flutter_web",
             "packages": [
               {
                 "name": "metreyar_flutter_web",
                 "version": "1.0.0+1",
                 "kind": "root",
                 "source": "root",
                 "dependencies": [
                   "flutter",
                   "cupertino_icons",
                   "flutter_test",
                   "flutter_lints"
                 ],
                 "directDependencies": [
                   "flutter",
                   "cupertino_icons"
                 ],
                 "devDependencies": [
                   "flutter_test",
                   "flutter_lints"
                 ]
               },
               {
                 "name": "flutter_lints",
                 "version": "3.0.2",
                 "kind": "dev",
                 "source": "hosted",
                 "dependencies": [
                   "lints"
                 ],
                 "directDependencies": [
                   "lints"
                 ]
               },
               {
                 "name": "lints",
                 "version": "3.0.0",
                 "kind": "transitive",
                 "source": "hosted",
                 "dependencies": [],
                 "directDependencies": []
               },
               {
                 "name": "flutter_test",
                 "version": "0.0.0",
                 "kind": "dev",
                 "source": "sdk",
                 "dependencies": [
                   "flutter",
                   "test_api",
                   "matcher",
                   "path",
                   "fake_async",
                   "clock",
                   "stack_trace",
                   "vector_math",
                   "leak_tracker_flutter_testing",
                   "async",
                   "boolean_selector",
                   "characters",
                   "collection",
                   "leak_tracker",
                   "leak_tracker_testing",
                   "material_color_utilities",
                   "meta",
                   "source_span",
                   "stream_channel",
                   "string_scanner",
                   "term_glyph",
                   "vm_service"
                 ],
                 "directDependencies": [
                   "flutter",
                   "test_api",
                   "matcher",
                   "path",
                   "fake_async",
                   "clock",
                   "stack_trace",
                   "vector_math",
                   "leak_tracker_flutter_testing",
                   "async",
                   "boolean_selector",
                   "characters",
                   "collection",
                   "leak_tracker",
                   "leak_tracker_testing",
                   "material_color_utilities",
                   "meta",
                   "source_span",
                   "stream_channel",
                   "string_scanner",
                   "term_glyph",
                   "vm_service"
                 ]
               },
               {
                 "name": "vm_service",
                 "version": "15.0.0",
                 "kind": "transitive",
                 "source": "hosted",
                 "dependencies": [],
                 "directDependencies": []
               },
               {
                 "name": "term_glyph",
                 "version": "1.2.2",
                 "kind": "transitive",
                 "source": "hosted",
                 "dependencies": [],
                 "directDependencies": []
               },
               {
                 "name": "string_scanner",
                 "version": "1.4.1",
                 "kind": "transitive",
                 "source": "hosted",
                 "dependencies": [
                   "source_span"
                 ],
                 "directDependencies": [
                   "source_span"
                 ]
               },
               {
                 "name": "source_span",
                 "version": "1.10.1",
                 "kind": "transitive",
                 "source": "hosted",
                 "dependencies": [
                   "collection",
                   "path",
                   "term_glyph"
                 ],
                 "directDependencies": [
                   "collection",
                   "path",
                   "term_glyph"
                 ]
               },
               {
                 "name": "path",
                 "version": "1.9.1",
                 "kind": "transitive",
                 "source": "hosted",
                 "dependencies": [],
                 "directDependencies": []
               },
               {
                 "name": "collection",
                 "version": "1.19.1",
                 "kind": "transitive",
                 "source": "hosted",
                 "dependencies": [],
                 "directDependencies": []
               },
               {
                 "name": "stream_channel",
                 "version": "2.1.4",
                 "kind": "transitive",
                 "source": "hosted",
                 "dependencies": [
                   "async"
                 ],
                 "directDependencies": [
                   "async"
                 ]
               },
               {
                 "name": "async",
                 "version": "2.13.0",
                 "kind": "transitive",
                 "source": "hosted",
                 "dependencies": [
                   "collection",
                   "meta"
                 ],
                 "directDependencies": [
                   "collection",
                   "meta"
                 ]
               },
               {
                 "name": "meta",
                 "version": "1.16.0",
                 "kind": "transitive",
                 "source": "hosted",
                 "dependencies": [],
                 "directDependencies": []
               },
               {
                 "name": "material_color_utilities",
                 "version": "0.11.1",
                 "kind": "transitive",
                 "source": "hosted",
                 "dependencies": [
                   "collection"
                 ],
                 "directDependencies": [
                   "collection"
                 ]
               },
               {
                 "name": "leak_tracker_testing",
                 "version": "3.0.1",
                 "kind": "transitive",
                 "source": "hosted",
                 "dependencies": [
                   "leak_tracker",
                   "matcher",
                   "meta"
                 ],
                 "directDependencies": [
                   "leak_tracker",
                   "matcher",
                   "meta"
                 ]
               },
               {
                 "name": "matcher",
                 "version": "0.12.17",
                 "kind": "transitive",
                 "source": "hosted",
                 "dependencies": [
                   "async",
                   "meta",
                   "stack_trace",
                   "term_glyph",
                   "test_api"
                 ],
                 "directDependencies": [
                   "async",
                   "meta",
                   "stack_trace",
                   "term_glyph",
                   "test_api"
                 ]
               },
               {
                 "name": "test_api",
                 "version": "0.7.4",
                 "kind": "transitive",
                 "source": "hosted",
                 "dependencies": [
                   "async",
                   "boolean_selector",
                   "collection",
                   "meta",
                   "source_span",
                   "stack_trace",
                   "stream_channel",
                   "string_scanner",
                   "term_glyph"
                 ],
                 "directDependencies": [
                   "async",
                   "boolean_selector",
                   "collection",
                   "meta",
                   "source_span",
                   "stack_trace",
                   "stream_channel",
                   "string_scanner",
                   "term_glyph"
                 ]
               },
               {
                 "name": "stack_trace",
                 "version": "1.12.1",
                 "kind": "transitive",
                 "source": "hosted",
                 "dependencies": [
                   "path"
                 ],
                 "directDependencies": [
                   "path"
                 ]
               },
               {
                 "name": "boolean_selector",
                 "version": "2.1.2",
                 "kind": "transitive",
                 "source": "hosted",
                 "dependencies": [
                   "source_span",
                   "string_scanner"
                 ],
                 "directDependencies": [
                   "source_span",
                   "string_scanner"
                 ]
               },
               {
                 "name": "leak_tracker",
                 "version": "10.0.9",
                 "kind": "transitive",
                 "source": "hosted",
                 "dependencies": [
                   "clock",
                   "collection",
                   "meta",
                   "path",
                   "vm_service"
                 ],
                 "directDependencies": [
                   "clock",
                   "collection",
                   "meta",
                   "path",
                   "vm_service"
                 ]
               },
               {
                 "name": "clock",
                 "version": "1.1.2",
                 "kind": "transitive",
                 "source": "hosted",
                 "dependencies": [],
                 "directDependencies": []
               },
               {
                 "name": "characters",
                 "version": "1.4.0",
                 "kind": "transitive",
                 "source": "hosted",
                 "dependencies": [],
                 "directDependencies": []
               },
               {
                 "name": "leak_tracker_flutter_testing",
                 "version": "3.0.9",
                 "kind": "transitive",
                 "source": "hosted",
                 "dependencies": [
                   "flutter",
                   "leak_tracker",
                   "leak_tracker_testing",
                   "matcher",
                   "meta"
                 ],
                 "directDependencies": [
                   "flutter",
                   "leak_tracker",
                   "leak_tracker_testing",
                   "matcher",
                   "meta"
                 ]
               },
               {
                 "name": "flutter",
                 "version": "0.0.0",
                 "kind": "direct",
                 "source": "sdk",
                 "dependencies": [
                   "characters",
                   "collection",
                   "material_color_utilities",
                   "meta",
                   "vector_math",
                   "sky_engine"
                 ],
                 "directDependencies": [
                   "characters",
                   "collection",
                   "material_color_utilities",
                   "meta",
                   "vector_math",
                   "sky_engine"
                 ]
               },
               {
                 "name": "sky_engine",
                 "version": "0.0.0",
                 "kind": "transitive",
                 "source": "sdk",
                 "dependencies": [],
                 "directDependencies": []
               },
               {
                 "name": "vector_math",
                 "version": "2.1.4",
                 "kind": "transitive",
                 "source": "hosted",
                 "dependencies": [],
                 "directDependencies": []
               },
               {
                 "name": "fake_async",
                 "version": "1.3.3",
                 "kind": "transitive",
                 "source": "hosted",
                 "dependencies": [
                   "clock",
                   "collection"
                 ],
                 "directDependencies": [
                   "clock",
                   "collection"
                 ]
               },
               {
                 "name": "cupertino_icons",
                 "version": "1.0.8",
                 "kind": "direct",
                 "source": "hosted",
                 "dependencies": [],
                 "directDependencies": []
               }
             ],
             "sdks": [
               {
                 "name": "Dart",
                 "version": "3.8.1"
               },
               {
                 "name": "Flutter",
                 "version": "3.32.1"
               }
             ],
             "executables": []
           }
[ +497 ms] generated_plugin_registrant.dart not found. Skipping.
[  +22 ms] Compiling lib/main.dart for the Web...
[  +51 ms] Initializing file store
[ +340 ms] web_entrypoint: Starting due to {InvalidatedReasonKind.inputChanged: The following inputs have updated contents: /home/userland/flutter/packages/flutter_tools/lib/src/build_system/targets/web.dart,/home/userland/metreyar_flutter_web/.dart_tool/flutter_build/ec5adb0b03796d2315993c948ab8c595/main.dart}
[  +15 ms] Skipping target: gen_localizations
[  +22 ms] invalidated build due to missing files: /home/userland/metreyar_flutter_web/web/*/index.html, /home/userland/metreyar_flutter_web/web/flutter_bootstrap.js
[  +12 ms] web_templated_files: Starting due to {InvalidatedReasonKind.outputMissing: The following outputs were missing: /home/userland/metreyar_flutter_web/build/web/*/index.html, InvalidatedReasonKind.inputMissing: The following inputs were missing: /home/userland/metreyar_flutter_web/web/*/index.html,/home/userland/metreyar_flutter_web/web/flutter_bootstrap.js, InvalidatedReasonKind.inputChanged: The following inputs have updated contents: /home/userland/flutter/bin/cache/engine.stamp,/home/userland/metreyar_flutter_web/build/web/flutter_bootstrap.js}
[  +17 ms] web_static_assets: Starting due to {InvalidatedReasonKind.inputChanged: The following inputs have updated contents: /home/userland/flutter/bin/cache/engine.stamp, InvalidatedReasonKind.outputMissing: The following outputs were missing: /home/userland/metreyar_flutter_web/.dart_tool/flutter_build/ec5adb0b03796d2315993c948ab8c595/flutter.js,/home/userland/metreyar_flutter_web/.dart_tool/flutter_build/ec5adb0b03796d2315993c948ab8c595/canvaskit/canvaskit.js,/home/userland/metreyar_flutter_web/.dart_tool/flutter_build/ec5adb0b03796d2315993c948ab8c595/canvaskit/canvaskit.js.symbols,/home/userland/metreyar_flutter_web/.dart_tool/flutter_build/ec5adb0b03796d2315993c948ab8c595/canvaskit/canvaskit.wasm,/home/userland/metreyar_flutter_web/.dart_tool/flutter_build/ec5adb0b03796d2315993c948ab8c595/canvaskit/chromium/canvaskit.js,/home/userland/metreyar_flutter_web/.dart_tool/flutter_build/ec5adb0b03796d2315993c948ab8c595/canvaskit/chromium/canvaskit.js.symbols,/home/userland/metreyar_flutter_web/.dart_tool/flutter_build/ec5adb0b03796d2315993c948ab8c595/canvaskit/chromium/canvaskit.wasm,/home/userland/metreyar_flutter_web/.dart_tool/flutter_build/ec5adb0b03796d2315993c948ab8c595/canvaskit/skwasm.js,/home/userland/metreyar_flutter_web/.dart_tool/flutter_build/ec5adb0b03796d2315993c948ab8c595/canvaskit/skwasm.js.symbols,/home/userland/metreyar_flutter_web/.dart_tool/flutter_build/ec5adb0b03796d2315993c948ab8c595/canvaskit/skwasm.wasm}
[ +327 ms] web_static_assets: Complete
[  +95 ms] executing: [/home/userland/metreyar_flutter_web/] /home/userland/flutter/bin/cache/dart-sdk/bin/dart pub --suppress-analytics deps --json
[ +126 ms] web_templated_files: Complete
[+2193 ms] {
             "root": "metreyar_flutter_web",
             "packages": [
               {
                 "name": "metreyar_flutter_web",
                 "version": "1.0.0+1",
                 "kind": "root",
                 "source": "root",
                 "dependencies": [
                   "flutter",
                   "cupertino_icons",
                   "flutter_test",
                   "flutter_lints"
                 ],
                 "directDependencies": [
                   "flutter",
                   "cupertino_icons"
                 ],
                 "devDependencies": [
                   "flutter_test",
                   "flutter_lints"
                 ]
               },
               {
                 "name": "flutter_lints",
                 "version": "3.0.2",
                 "kind": "dev",
                 "source": "hosted",
                 "dependencies": [
                   "lints"
                 ],
                 "directDependencies": [
                   "lints"
                 ]
               },
               {
                 "name": "lints",
                 "version": "3.0.0",
                 "kind": "transitive",
                 "source": "hosted",
                 "dependencies": [],
                 "directDependencies": []
               },
               {
                 "name": "flutter_test",
                 "version": "0.0.0",
                 "kind": "dev",
                 "source": "sdk",
                 "dependencies": [
                   "flutter",
                   "test_api",
                   "matcher",
                   "path",
                   "fake_async",
                   "clock",
                   "stack_trace",
                   "vector_math",
                   "leak_tracker_flutter_testing",
                   "async",
                   "boolean_selector",
                   "characters",
                   "collection",
                   "leak_tracker",
                   "leak_tracker_testing",
                   "material_color_utilities",
                   "meta",
                   "source_span",
                   "stream_channel",
                   "string_scanner",
                   "term_glyph",
                   "vm_service"
                 ],
                 "directDependencies": [
                   "flutter",
                   "test_api",
                   "matcher",
                   "path",
                   "fake_async",
                   "clock",
                   "stack_trace",
                   "vector_math",
                   "leak_tracker_flutter_testing",
                   "async",
                   "boolean_selector",
                   "characters",
                   "collection",
                   "leak_tracker",
                   "leak_tracker_testing",
                   "material_color_utilities",
                   "meta",
                   "source_span",
                   "stream_channel",
                   "string_scanner",
                   "term_glyph",
                   "vm_service"
                 ]
               },
               {
                 "name": "vm_service",
                 "version": "15.0.0",
                 "kind": "transitive",
                 "source": "hosted",
                 "dependencies": [],
                 "directDependencies": []
               },
               {
                 "name": "term_glyph",
                 "version": "1.2.2",
                 "kind": "transitive",
                 "source": "hosted",
                 "dependencies": [],
                 "directDependencies": []
               },
               {
                 "name": "string_scanner",
                 "version": "1.4.1",
                 "kind": "transitive",
                 "source": "hosted",
                 "dependencies": [
                   "source_span"
                 ],
                 "directDependencies": [
                   "source_span"
                 ]
               },
               {
                 "name": "source_span",
                 "version": "1.10.1",
                 "kind": "transitive",
                 "source": "hosted",
                 "dependencies": [
                   "collection",
                   "path",
                   "term_glyph"
                 ],
                 "directDependencies": [
                   "collection",
                   "path",
                   "term_glyph"
                 ]
               },
               {
                 "name": "path",
                 "version": "1.9.1",
                 "kind": "transitive",
                 "source": "hosted",
                 "dependencies": [],
                 "directDependencies": []
               },
               {
                 "name": "collection",
                 "version": "1.19.1",
                 "kind": "transitive",
                 "source": "hosted",
                 "dependencies": [],
                 "directDependencies": []
               },
               {
                 "name": "stream_channel",
                 "version": "2.1.4",
                 "kind": "transitive",
                 "source": "hosted",
                 "dependencies": [
                   "async"
                 ],
                 "directDependencies": [
                   "async"
                 ]
               },
               {
                 "name": "async",
                 "version": "2.13.0",
                 "kind": "transitive",
                 "source": "hosted",
                 "dependencies": [
                   "collection",
                   "meta"
                 ],
                 "directDependencies": [
                   "collection",
                   "meta"
                 ]
               },
               {
                 "name": "meta",
                 "version": "1.16.0",
                 "kind": "transitive",
                 "source": "hosted",
                 "dependencies": [],
                 "directDependencies": []
               },
               {
                 "name": "material_color_utilities",
                 "version": "0.11.1",
                 "kind": "transitive",
                 "source": "hosted",
                 "dependencies": [
                   "collection"
                 ],
                 "directDependencies": [
                   "collection"
                 ]
               },
               {
                 "name": "leak_tracker_testing",
                 "version": "3.0.1",
                 "kind": "transitive",
                 "source": "hosted",
                 "dependencies": [
                   "leak_tracker",
                   "matcher",
                   "meta"
                 ],
                 "directDependencies": [
                   "leak_tracker",
                   "matcher",
                   "meta"
                 ]
               },
               {
                 "name": "matcher",
                 "version": "0.12.17",
                 "kind": "transitive",
                 "source": "hosted",
                 "dependencies": [
                   "async",
                   "meta",
                   "stack_trace",
                   "term_glyph",
                   "test_api"
                 ],
                 "directDependencies": [
                   "async",
                   "meta",
                   "stack_trace",
                   "term_glyph",
                   "test_api"
                 ]
               },
               {
                 "name": "test_api",
                 "version": "0.7.4",
                 "kind": "transitive",
                 "source": "hosted",
                 "dependencies": [
                   "async",
                   "boolean_selector",
                   "collection",
                   "meta",
                   "source_span",
                   "stack_trace",
                   "stream_channel",
                   "string_scanner",
                   "term_glyph"
                 ],
                 "directDependencies": [
                   "async",
                   "boolean_selector",
                   "collection",
                   "meta",
                   "source_span",
                   "stack_trace",
                   "stream_channel",
                   "string_scanner",
                   "term_glyph"
                 ]
               },
               {
                 "name": "stack_trace",
                 "version": "1.12.1",
                 "kind": "transitive",
                 "source": "hosted",
                 "dependencies": [
                   "path"
                 ],
                 "directDependencies": [
                   "path"
                 ]
               },
               {
                 "name": "boolean_selector",
                 "version": "2.1.2",
                 "kind": "transitive",
                 "source": "hosted",
                 "dependencies": [
                   "source_span",
                   "string_scanner"
                 ],
                 "directDependencies": [
                   "source_span",
                   "string_scanner"
                 ]
               },
               {
                 "name": "leak_tracker",
                 "version": "10.0.9",
                 "kind": "transitive",
                 "source": "hosted",
                 "dependencies": [
                   "clock",
                   "collection",
                   "meta",
                   "path",
                   "vm_service"
                 ],
                 "directDependencies": [
                   "clock",
                   "collection",
                   "meta",
                   "path",
                   "vm_service"
                 ]
               },
               {
                 "name": "clock",
                 "version": "1.1.2",
                 "kind": "transitive",
                 "source": "hosted",
                 "dependencies": [],
                 "directDependencies": []
               },
               {
                 "name": "characters",
                 "version": "1.4.0",
                 "kind": "transitive",
                 "source": "hosted",
                 "dependencies": [],
                 "directDependencies": []
               },
               {
                 "name": "leak_tracker_flutter_testing",
                 "version": "3.0.9",
                 "kind": "transitive",
                 "source": "hosted",
                 "dependencies": [
                   "flutter",
                   "leak_tracker",
                   "leak_tracker_testing",
                   "matcher",
                   "meta"
                 ],
                 "directDependencies": [
                   "flutter",
                   "leak_tracker",
                   "leak_tracker_testing",
                   "matcher",
                   "meta"
                 ]
               },
               {
                 "name": "flutter",
                 "version": "0.0.0",
                 "kind": "direct",
                 "source": "sdk",
                 "dependencies": [
                   "characters",
                   "collection",
                   "material_color_utilities",
                   "meta",
                   "vector_math",
                   "sky_engine"
                 ],
                 "directDependencies": [
                   "characters",
                   "collection",
                   "material_color_utilities",
                   "meta",
                   "vector_math",
                   "sky_engine"
                 ]
               },
               {
                 "name": "sky_engine",
                 "version": "0.0.0",
                 "kind": "transitive",
                 "source": "sdk",
                 "dependencies": [],
                 "directDependencies": []
               },
               {
                 "name": "vector_math",
                 "version": "2.1.4",
                 "kind": "transitive",
                 "source": "hosted",
                 "dependencies": [],
                 "directDependencies": []
               },
               {
                 "name": "fake_async",
                 "version": "1.3.3",
                 "kind": "transitive",
                 "source": "hosted",
                 "dependencies": [
                   "clock",
                   "collection"
                 ],
                 "directDependencies": [
                   "clock",
                   "collection"
                 ]
               },
               {
                 "name": "cupertino_icons",
                 "version": "1.0.8",
                 "kind": "direct",
                 "source": "hosted",
                 "dependencies": [],
                 "directDependencies": []
               }
             ],
             "sdks": [
               {
                 "name": "Dart",
                 "version": "3.8.1"
               },
               {
                 "name": "Flutter",
                 "version": "3.32.1"
               }
             ],
             "executables": []
           }
[ +434 ms] web_entrypoint: Complete
[  +20 ms] dart2js: Starting due to {}
[  +52 ms] executing: /home/userland/flutter/bin/cache/dart-sdk/bin/dart compile js --platform-binaries=/home/userland/flutter/bin/cache/flutter_web_sdk/kernel --invoker=flutter_tool -Ddart.vm.product=true -DFLUTTER_VERSION=3.32.1 -DFLUTTER_CHANNEL=stable -DFLUTTER_GIT_URL=https://github.com/flutter/flutter.git -DFLUTTER_FRAMEWORK_REVISION=b25305a883 -DFLUTTER_ENGINE_REVISION=1425e5e9ec -DFLUTTER_DART_VERSION=3.8.1 -DFLUTTER_WEB_USE_SKIA=true -DFLUTTER_WEB_USE_SKWASM=false -DFLUTTER_WEB_CANVASKIT_URL=https://www.gstatic.com/flutter-canvaskit/1425e5e9ec5eeb4f225c401d8db69b860e0fde9a/ --native-null-assertions --no-source-maps -o /home/userland/metreyar_flutter_web/.dart_tool/flutter_build/ec5adb0b03796d2315993c948ab8c595/app.dill --packages=/home/userland/metreyar_flutter_web/.dart_tool/package_config.json --cfe-only /home/userland/metreyar_flutter_web/.dart_tool/flutter_build/ec5adb0b03796d2315993c948ab8c595/main.dart
